Failed fetching movie d5521d67-fb89-4622-9802-bcf83a804096: HTTP 0, Error: 
httpGet failed for https://restapi.helios.pl/api/cinema/46055d88-5f34-44a0-9584-b041caa71e26/event?dateTimeFrom=2025-12-14T00:00:00&dateTimeTo=2025-12-14T23:59:59: Connection timed out after 10002 milliseconds
httpGet failed for https://restapi.helios.pl/api/cinema/46055d88-5f34-44a0-9584-b041caa71e26/screening?dateTimeFrom=2025-12-13T00:00:00&dateTimeTo=2025-12-13T23:59:59: Connection timed out after 10002 milliseconds
httpGet failed for https://restapi.helios.pl/api/cinema/46055d88-5f34-44a0-9584-b041caa71e26/screening?dateTimeFrom=2025-12-14T00:00:00&dateTimeTo=2025-12-14T23:59:59: Connection timed out after 10001 milliseconds
httpGet failed for https://restapi.helios.pl/api/cinema/46055d88-5f34-44a0-9584-b041caa71e26/event?dateTimeFrom=2025-12-14T00:00:00&dateTimeTo=2025-12-14T23:59:59: Connection timed out after 10002 milliseconds
httpGet failed for https://restapi.helios.pl/api/cinema/46055d88-5f34-44a0-9584-b041caa71e26/screening?dateTimeFrom=2025-12-13T00:00:00&dateTimeTo=2025-12-13T23:59:59: Connection timed out after 10006 milliseconds
httpGet failed for https://restapi.helios.pl/api/cinema/46055d88-5f34-44a0-9584-b041caa71e26/screening?dateTimeFrom=2025-12-22T00:00:00&dateTimeTo=2025-12-22T23:59:59: Connection timed out after 10002 milliseconds
httpGet failed for https://restapi.helios.pl/api/cinema/46055d88-5f34-44a0-9584-b041caa71e26/screening?dateTimeFrom=2025-12-25T00:00:00&dateTimeTo=2025-12-25T23:59:59: Connection timed out after 10002 milliseconds
httpGet failed for https://restapi.helios.pl/api/cinema/46055d88-5f34-44a0-9584-b041caa71e26/screening?dateTimeFrom=2025-12-26T00:00:00&dateTimeTo=2025-12-26T23:59:59: Connection timed out after 10002 milliseconds
httpGet failed for https://restapi.helios.pl/api/cinema/46055d88-5f34-44a0-9584-b041caa71e26/screening?dateTimeFrom=2025-12-31T00:00:00&dateTimeTo=2025-12-31T23:59:59: Connection timed out after 10002 milliseconds
httpGet failed for https://restapi.helios.pl/api/cinema/46055d88-5f34-44a0-9584-b041caa71e26/screening?dateTimeFrom=2026-01-09T00:00:00&dateTimeTo=2026-01-09T23:59:59: Connection timed out after 10002 milliseconds
httpGet failed for https://restapi.helios.pl/api/cinema/46055d88-5f34-44a0-9584-b041caa71e26/screening?dateTimeFrom=2026-01-12T00:00:00&dateTimeTo=2026-01-12T23:59:59: Connection timed out after 10002 milliseconds
httpGet failed for https://restapi.helios.pl/api/cinema/46055d88-5f34-44a0-9584-b041caa71e26/screening?dateTimeFrom=2026-01-21T00:00:00&dateTimeTo=2026-01-21T23:59:59: Connection timed out after 10003 milliseconds
httpGet failed for https://restapi.helios.pl/api/cinema/46055d88-5f34-44a0-9584-b041caa71e26/screening?dateTimeFrom=2026-02-02T00:00:00&dateTimeTo=2026-02-02T23:59:59: Connection timed out after 10002 milliseconds
httpGet failed for https://restapi.helios.pl/api/cinema/46055d88-5f34-44a0-9584-b041caa71e26/screening?dateTimeFrom=2026-02-08T00:00:00&dateTimeTo=2026-02-08T23:59:59: Connection timed out after 10002 milliseconds
httpGet failed for https://restapi.helios.pl/api/cinema/46055d88-5f34-44a0-9584-b041caa71e26/event?dateTimeFrom=2025-12-16T00:00:00&dateTimeTo=2025-12-16T23:59:59: Connection timed out after 10002 milliseconds
httpGet failed for https://restapi.helios.pl/api/cinema/46055d88-5f34-44a0-9584-b041caa71e26/event?dateTimeFrom=2025-12-17T00:00:00&dateTimeTo=2025-12-17T23:59:59: Connection timed out after 10002 milliseconds
httpGet failed for https://restapi.helios.pl/api/cinema/46055d88-5f34-44a0-9584-b041caa71e26/event?dateTimeFrom=2025-12-20T00:00:00&dateTimeTo=2025-12-20T23:59:59: Connection timed out after 10002 milliseconds
httpGet failed for https://restapi.helios.pl/api/cinema/46055d88-5f34-44a0-9584-b041caa71e26/screening?dateTimeFrom=2025-12-22T00:00:00&dateTimeTo=2025-12-22T23:59:59: Connection timed out after 10002 milliseconds
httpGet failed for https://restapi.helios.pl/api/cinema/46055d88-5f34-44a0-9584-b041caa71e26/screening?dateTimeFrom=2025-12-24T00:00:00&dateTimeTo=2025-12-24T23:59:59: Connection timed out after 10002 milliseconds
httpGet failed for https://restapi.helios.pl/api/cinema/46055d88-5f34-44a0-9584-b041caa71e26/screening?dateTimeFrom=2025-12-25T00:00:00&dateTimeTo=2025-12-25T23:59:59: Connection timed out after 10002 milliseconds
httpGet failed for https://restapi.helios.pl/api/cinema/46055d88-5f34-44a0-9584-b041caa71e26/event?dateTimeFrom=2025-12-25T00:00:00&dateTimeTo=2025-12-25T23:59:59: Connection timed out after 10002 milliseconds
httpGet failed for https://restapi.helios.pl/api/cinema/46055d88-5f34-44a0-9584-b041caa71e26/event?dateTimeFrom=2025-12-27T00:00:00&dateTimeTo=2025-12-27T23:59:59: Connection timed out after 10002 milliseconds
httpGet failed for https://restapi.helios.pl/api/cinema/46055d88-5f34-44a0-9584-b041caa71e26/screen: Connection timed out after 10002 milliseconds
httpGet failed for https://restapi.helios.pl/api/cinema/46055d88-5f34-44a0-9584-b041caa71e26/screen/37d105a9-355c-47aa-b65e-8108cf3e6fbb: Connection timed out after 10001 milliseconds
httpGet failed for https://restapi.helios.pl/api/cinema/46055d88-5f34-44a0-9584-b041caa71e26/screen/e335ba83-911b-424b-9df0-2b3cc6c6aaff: Connection timed out after 10002 milliseconds
httpGet failed for https://restapi.helios.pl/api/cinema/46055d88-5f34-44a0-9584-b041caa71e26/screen/a83361dc-cc33-49b0-852b-f27aef531668: Connection timed out after 10003 milliseconds
httpGet failed for https://restapi.helios.pl/api/cinema/46055d88-5f34-44a0-9584-b041caa71e26/screen/f7fd6b63-44f3-4d04-8062-a932e0aabd98: Connection timed out after 10002 milliseconds
httpGet failed for https://restapi.helios.pl/api/cinema/46055d88-5f34-44a0-9584-b041caa71e26/screen/f7fd6b63-44f3-4d04-8062-a932e0aabd98: Connection timed out after 10003 milliseconds
httpGet failed for https://restapi.helios.pl/api/cinema/46055d88-5f34-44a0-9584-b041caa71e26/event?dateTimeFrom=2025-12-23T00:00:00&dateTimeTo=2025-12-23T23:59:59: Connection timed out after 10002 milliseconds
httpGet failed for https://restapi.helios.pl/api/cinema/46055d88-5f34-44a0-9584-b041caa71e26/event?dateTimeFrom=2025-12-27T00:00:00&dateTimeTo=2025-12-27T23:59:59: Connection timed out after 10003 milliseconds
httpGet failed for https://restapi.helios.pl/api/cinema/46055d88-5f34-44a0-9584-b041caa71e26/screening?dateTimeFrom=2025-12-30T00:00:00&dateTimeTo=2025-12-30T23:59:59: Connection timed out after 10002 milliseconds
httpGet failed for https://restapi.helios.pl/api/cinema/46055d88-5f34-44a0-9584-b041caa71e26/event?dateTimeFrom=2025-12-31T00:00:00&dateTimeTo=2025-12-31T23:59:59: Connection timed out after 10002 milliseconds
httpGet failed for https://restapi.helios.pl/api/cinema/46055d88-5f34-44a0-9584-b041caa71e26/screen: Connection timed out after 10002 milliseconds
httpGet failed for https://restapi.helios.pl/api/cinema/46055d88-5f34-44a0-9584-b041caa71e26/screen/37d105a9-355c-47aa-b65e-8108cf3e6fbb: Connection timed out after 10002 milliseconds
httpGet failed for https://restapi.helios.pl/api/cinema/46055d88-5f34-44a0-9584-b041caa71e26/screen/2bb0c3a7-b730-4f48-bbd2-299ddd9b14b0: Connection timed out after 10002 milliseconds
httpGet failed for https://restapi.helios.pl/api/cinema/46055d88-5f34-44a0-9584-b041caa71e26/screen/c1cb3c47-5d55-494b-bdfa-321af9d4a47c: Connection timed out after 10002 milliseconds
Failed fetching movie ce987934-960a-4725-a6f4-1345341b5293: HTTP 0, Error: 
httpGet failed for https://restapi.helios.pl/api/cinema/46055d88-5f34-44a0-9584-b041caa71e26/event?dateTimeFrom=2025-12-25T00:00:00&dateTimeTo=2025-12-25T23:59:59: Connection timed out after 10002 milliseconds
httpGet failed for https://restapi.helios.pl/api/cinema/46055d88-5f34-44a0-9584-b041caa71e26/event?dateTimeFrom=2025-12-23T00:00:00&dateTimeTo=2025-12-23T23:59:59: Connection timed out after 10001 milliseconds
httpGet failed for https://restapi.helios.pl/api/cinema/46055d88-5f34-44a0-9584-b041caa71e26/screening?dateTimeFrom=2025-12-25T00:00:00&dateTimeTo=2025-12-25T23:59:59: Connection timed out after 10002 milliseconds
httpGet failed for https://restapi.helios.pl/api/cinema/46055d88-5f34-44a0-9584-b041caa71e26/screen: Connection timed out after 10002 milliseconds
httpGet failed for https://restapi.helios.pl/api/cinema/46055d88-5f34-44a0-9584-b041caa71e26/screening?dateTimeFrom=2025-12-25T00:00:00&dateTimeTo=2025-12-25T23:59:59: Connection timed out after 10004 milliseconds
httpGet failed for https://restapi.helios.pl/api/cinema/46055d88-5f34-44a0-9584-b041caa71e26/screening?dateTimeFrom=2025-12-25T00:00:00&dateTimeTo=2025-12-25T23:59:59: Connection timed out after 10002 milliseconds
httpGet failed for https://restapi.helios.pl/api/cinema/46055d88-5f34-44a0-9584-b041caa71e26/event?dateTimeFrom=2025-12-25T00:00:00&dateTimeTo=2025-12-25T23:59:59: Connection timed out after 10001 milliseconds
httpGet failed for https://restapi.helios.pl/api/cinema/46055d88-5f34-44a0-9584-b041caa71e26/event?dateTimeFrom=2025-12-25T00:00:00&dateTimeTo=2025-12-25T23:59:59: Connection timed out after 10002 milliseconds
httpGet failed for https://restapi.helios.pl/api/cinema/46055d88-5f34-44a0-9584-b041caa71e26/screening?dateTimeFrom=2025-12-25T00:00:00&dateTimeTo=2025-12-25T23:59:59: Connection timed out after 10002 milliseconds
httpGet failed for https://restapi.helios.pl/api/cinema/46055d88-5f34-44a0-9584-b041caa71e26/screening?dateTimeFrom=2025-12-25T00:00:00&dateTimeTo=2025-12-25T23:59:59: Connection timed out after 10002 milliseconds
httpGet failed for https://restapi.helios.pl/api/cinema/46055d88-5f34-44a0-9584-b041caa71e26/screening?dateTimeFrom=2025-12-25T00:00:00&dateTimeTo=2025-12-25T23:59:59: Connection timed out after 10002 milliseconds
httpGet failed for https://restapi.helios.pl/api/cinema/46055d88-5f34-44a0-9584-b041caa71e26/screening?dateTimeFrom=2025-12-25T00:00:00&dateTimeTo=2025-12-25T23:59:59: Connection timed out after 10002 milliseconds
httpGet failed for https://restapi.helios.pl/api/cinema/46055d88-5f34-44a0-9584-b041caa71e26/screening?dateTimeFrom=2025-12-29T00:00:00&dateTimeTo=2025-12-29T23:59:59: Could not resolve host: restapi.helios.pl
httpGet failed for https://restapi.helios.pl/api/cinema/46055d88-5f34-44a0-9584-b041caa71e26/event?dateTimeFrom=2025-12-29T00:00:00&dateTimeTo=2025-12-29T23:59:59: Resolving timed out after 10000 milliseconds
httpGet failed for https://restapi.helios.pl/api/cinema/46055d88-5f34-44a0-9584-b041caa71e26/screening?dateTimeFrom=2026-01-03T00:00:00&dateTimeTo=2026-01-03T23:59:59: Failed to connect to restapi.helios.pl port 443 after 36 ms: Could not connect to server
httpGet failed for https://restapi.helios.pl/api/cinema/46055d88-5f34-44a0-9584-b041caa71e26/event?dateTimeFrom=2026-01-03T00:00:00&dateTimeTo=2026-01-03T23:59:59: Failed to connect to restapi.helios.pl port 443 after 13 ms: Could not connect to server
httpGet failed for https://restapi.helios.pl/api/cinema/46055d88-5f34-44a0-9584-b041caa71e26/screening?dateTimeFrom=2026-01-04T00:00:00&dateTimeTo=2026-01-04T23:59:59: Failed to connect to restapi.helios.pl port 443 after 12 ms: Could not connect to server
httpGet failed for https://restapi.helios.pl/api/cinema/46055d88-5f34-44a0-9584-b041caa71e26/event?dateTimeFrom=2026-01-04T00:00:00&dateTimeTo=2026-01-04T23:59:59: Failed to connect to restapi.helios.pl port 443 after 10 ms: Could not connect to server
